<?xml version="1.0" encoding="UTF-8"?>
<testsuite name="com.booking.api.booking.BookingTest" tests="4" skipped="0" failures="0" errors="0" timestamp="2024-03-17T14:27:36" hostname="MSI" time="0.389">
  <properties/>
  <testcase name="testDeleteBookingNotExisting()" classname="com.booking.api.booking.BookingTest" time="0.2"/>
  <testcase name="testFindBookingExisting()" classname="com.booking.api.booking.BookingTest" time="0.109"/>
  <testcase name="testDeleteExistingBooking()" classname="com.booking.api.booking.BookingTest" time="0.014"/>
  <testcase name="testSaveNewBooking()" classname="com.booking.api.booking.BookingTest" time="0.057"/>
  <system-out><![CDATA[2024-03-17T09:27:34.604-05:00  INFO 24812 --- [api] [    Test worker] t.c.s.AnnotationConfigContextLoaderUtils : Could not detect default configuration classes for test class [com.booking.api.booking.BookingTest]: BookingTest does not declare any static, non-private, non-final, nested classes annotated with @Configuration.
2024-03-17T09:27:34.615-05:00  INFO 24812 --- [api] [    Test worker] .b.t.c.SpringBootTestContextBootstrapper : Found @SpringBootConfiguration com.booking.api.ApiApplication for test class com.booking.api.booking.BookingTest

  .   ____          _            __ _ _
 /\\ / ___'_ __ _ _(_)_ __  __ _ \ \ \ \
( ( )\___ | '_ | '_| | '_ \/ _` | \ \ \ \
 \\/  ___)| |_)| | | | | || (_| |  ) ) ) )
  '  |____| .__|_| |_|_| |_\__, | / / / /
 =========|_|==============|___/=/_/_/_/
 :: Spring Boot ::                (v3.2.3)

2024-03-17T09:27:34.642-05:00  INFO 24812 --- [api] [    Test worker] com.booking.api.booking.BookingTest      : Starting BookingTest using Java 21 with PID 24812 (started by juancho in C:\Users\juancho\Desktop\programacion\bookingAdaFinish\api\api)
2024-03-17T09:27:34.643-05:00  INFO 24812 --- [api] [    Test worker] com.booking.api.booking.BookingTest      : No active profile set, falling back to 1 default profile: "default"
2024-03-17T09:27:34.688-05:00  INFO 24812 --- [api] [ngodb.net:27017] org.mongodb.driver.cluster               : Monitor thread successfully connected to server with description ServerDescription{address=ac-ja7wbtg-shard-00-01.dautlfs.mongodb.net:27017, type=REPLICA_SET_PRIMARY, state=CONNECTED, ok=true, minWireVersion=0, maxWireVersion=21, maxDocumentSize=16777216, logicalSessionTimeoutMinutes=30, roundTripTimeNanos=485028200, setName='atlas-e57pln-shard-0', canonicalAddress=ac-ja7wbtg-shard-00-01.dautlfs.mongodb.net:27017, hosts=[ac-ja7wbtg-shard-00-00.dautlfs.mongodb.net:27017, ac-ja7wbtg-shard-00-02.dautlfs.mongodb.net:27017, ac-ja7wbtg-shard-00-01.dautlfs.mongodb.net:27017], passives=[], arbiters=[], primary='ac-ja7wbtg-shard-00-01.dautlfs.mongodb.net:27017', tagSet=TagSet{[Tag{name='availabilityZone', value='use1-az2'}, Tag{name='diskState', value='READY'}, Tag{name='nodeType', value='ELECTABLE'}, Tag{name='provider', value='AWS'}, Tag{name='region', value='US_EAST_1'}, Tag{name='workloadType', value='OPERATIONAL'}]}, electionId=7fffffff000000000000012a, setVersion=9, topologyVersion=TopologyVersion{processId=65f5aa8b0032874f0d14f2e1, counter=6}, lastWriteDate=Sun Mar 17 09:27:35 COT 2024, lastUpdateTimeNanos=690472525997500}
2024-03-17T09:27:34.690-05:00  INFO 24812 --- [api] [ngodb.net:27017] org.mongodb.driver.cluster               : Discovered replica set primary ac-ja7wbtg-shard-00-01.dautlfs.mongodb.net:27017 with max election id 7fffffff000000000000012a and max set version 9
2024-03-17T09:27:34.857-05:00  INFO 24812 --- [api] [    Test worker] .s.d.r.c.RepositoryConfigurationDelegate : Bootstrapping Spring Data MongoDB repositories in DEFAULT mode.
2024-03-17T09:27:34.872-05:00  INFO 24812 --- [api] [    Test worker] .s.d.r.c.RepositoryConfigurationDelegate : Finished Spring Data repository scanning in 14 ms. Found 2 MongoDB repository interfaces.
2024-03-17T09:27:36.319-05:00  INFO 24812 --- [api] [    Test worker] org.mongodb.driver.client                : MongoClient with metadata {"driver": {"name": "mongo-java-driver|sync|spring-boot", "version": "4.11.1"}, "os": {"type": "Windows", "name": "Windows 11", "architecture": "amd64", "version": "10.0"}, "platform": "Java/Oracle Corporation/21+35-2513"} created with settings MongoClientSettings{readPreference=primary, writeConcern=WriteConcern{w=null, wTimeout=null ms, journal=null}, retryWrites=true, retryReads=true, readConcern=ReadConcern{level=null}, credential=MongoCredential{mechanism=null, userName='deifiliaortegajaimes', source='admin', password=<hidden>, mechanismProperties=<hidden>}, transportSettings=null, streamFactoryFactory=null, commandListeners=[], codecRegistry=ProvidersCodecRegistry{codecProviders=[ValueCodecProvider{}, BsonValueCodecProvider{}, DBRefCodecProvider{}, DBObjectCodecProvider{}, DocumentCodecProvider{}, CollectionCodecProvider{}, IterableCodecProvider{}, MapCodecProvider{}, GeoJsonCodecProvider{}, GridFSFileCodecProvider{}, Jsr310CodecProvider{}, JsonObjectCodecProvider{}, BsonCodecProvider{}, EnumCodecProvider{}, com.mongodb.client.model.mql.ExpressionCodecProvider@b5b9333, com.mongodb.Jep395RecordCodecProvider@52b959df, com.mongodb.KotlinCodecProvider@38588dea]}, loggerSettings=LoggerSettings{maxDocumentLength=1000}, clusterSettings={hosts=[127.0.0.1:27017], srvHost=tiendabarrio.dautlfs.mongodb.net, srvServiceName=mongodb, mode=MULTIPLE, requiredClusterType=REPLICA_SET, requiredReplicaSetName='atlas-e57pln-shard-0', serverSelector='null', clusterListeners='[]', serverSelectionTimeout='30000 ms', localThreshold='15 ms'}, socketSettings=SocketSettings{connectTimeoutMS=10000, readTimeoutMS=0, receiveBufferSize=0, proxySettings=ProxySettings{host=null, port=null, username=null, password=null}}, heartbeatSocketSettings=SocketSettings{connectTimeoutMS=10000, readTimeoutMS=10000, receiveBufferSize=0, proxySettings=ProxySettings{host=null, port=null, username=null, password=null}}, connectionPoolSettings=ConnectionPoolSettings{maxSize=100, minSize=0, maxWaitTimeMS=120000, maxConnectionLifeTimeMS=0, maxConnectionIdleTimeMS=0, maintenanceInitialDelayMS=0, maintenanceFrequencyMS=60000, connectionPoolListeners=[], maxConnecting=2}, serverSettings=ServerSettings{heartbeatFrequencyMS=10000, minHeartbeatFrequencyMS=500, serverListeners='[]', serverMonitorListeners='[]'}, sslSettings=SslSettings{enabled=true, invalidHostNameAllowed=false, context=null}, applicationName='null', compressorList=[], uuidRepresentation=JAVA_LEGACY, serverApi=null, autoEncryptionSettings=null, dnsClient=null, inetAddressResolver=null, contextProvider=null}
2024-03-17T09:27:36.754-05:00  INFO 24812 --- [api] [ngodb.net:27017] org.mongodb.driver.cluster               : Monitor thread successfully connected to server with description ServerDescription{address=ac-ja7wbtg-shard-00-02.dautlfs.mongodb.net:27017, type=REPLICA_SET_SECONDARY, state=CONNECTED, ok=true, minWireVersion=0, maxWireVersion=21, maxDocumentSize=16777216, logicalSessionTimeoutMinutes=30, roundTripTimeNanos=415026400, setName='atlas-e57pln-shard-0', canonicalAddress=ac-ja7wbtg-shard-00-02.dautlfs.mongodb.net:27017, hosts=[ac-ja7wbtg-shard-00-00.dautlfs.mongodb.net:27017, ac-ja7wbtg-shard-00-02.dautlfs.mongodb.net:27017, ac-ja7wbtg-shard-00-01.dautlfs.mongodb.net:27017], passives=[], arbiters=[], primary='ac-ja7wbtg-shard-00-01.dautlfs.mongodb.net:27017', tagSet=TagSet{[Tag{name='availabilityZone', value='use1-az5'}, Tag{name='diskState', value='READY'}, Tag{name='nodeType', value='ELECTABLE'}, Tag{name='provider', value='AWS'}, Tag{name='region', value='US_EAST_1'}, Tag{name='workloadType', value='OPERATIONAL'}]}, electionId=null, setVersion=9, topologyVersion=TopologyVersion{processId=65f5abfcfeeea07c51883ebe, counter=3}, lastWriteDate=Sun Mar 17 09:27:37 COT 2024, lastUpdateTimeNanos=690474591950200}
2024-03-17T09:27:36.822-05:00  INFO 24812 --- [api] [    Test worker] o.s.b.t.m.w.SpringBootMockServletContext : Initializing Spring TestDispatcherServlet ''
2024-03-17T09:27:36.823-05:00  INFO 24812 --- [api] [    Test worker] o.s.t.web.servlet.TestDispatcherServlet  : Initializing Servlet ''
2024-03-17T09:27:36.828-05:00  INFO 24812 --- [api] [    Test worker] o.s.t.web.servlet.TestDispatcherServlet  : Completed initialization in 2 ms
2024-03-17T09:27:36.847-05:00  INFO 24812 --- [api] [    Test worker] com.booking.api.booking.BookingTest      : Started BookingTest in 2.225 seconds (process running for 8.622)
2024-03-17T09:27:36.953-05:00  INFO 24812 --- [api] [    Test worker] o.s.mock.web.MockServletContext          : Initializing Spring TestDispatcherServlet ''
2024-03-17T09:27:36.953-05:00  INFO 24812 --- [api] [    Test worker] o.s.t.web.servlet.TestDispatcherServlet  : Initializing Servlet ''
2024-03-17T09:27:36.953-05:00  INFO 24812 --- [api] [    Test worker] o.s.t.web.servlet.TestDispatcherServlet  : Completed initialization in 0 ms
2024-03-17T09:27:37.114-05:00  INFO 24812 --- [api] [    Test worker] o.s.mock.web.MockServletContext          : Initializing Spring TestDispatcherServlet ''
2024-03-17T09:27:37.114-05:00  INFO 24812 --- [api] [    Test worker] o.s.t.web.servlet.TestDispatcherServlet  : Initializing Servlet ''
2024-03-17T09:27:37.114-05:00  INFO 24812 --- [api] [    Test worker] o.s.t.web.servlet.TestDispatcherServlet  : Completed initialization in 0 ms
2024-03-17T09:27:37.224-05:00  INFO 24812 --- [api] [    Test worker] o.s.mock.web.MockServletContext          : Initializing Spring TestDispatcherServlet ''
2024-03-17T09:27:37.224-05:00  INFO 24812 --- [api] [    Test worker] o.s.t.web.servlet.TestDispatcherServlet  : Initializing Servlet ''
2024-03-17T09:27:37.225-05:00  INFO 24812 --- [api] [    Test worker] o.s.t.web.servlet.TestDispatcherServlet  : Completed initialization in 1 ms
2024-03-17T09:27:37.243-05:00  INFO 24812 --- [api] [    Test worker] o.s.mock.web.MockServletContext          : Initializing Spring TestDispatcherServlet ''
2024-03-17T09:27:37.243-05:00  INFO 24812 --- [api] [    Test worker] o.s.t.web.servlet.TestDispatcherServlet  : Initializing Servlet ''
2024-03-17T09:27:37.243-05:00  INFO 24812 --- [api] [    Test worker] o.s.t.web.servlet.TestDispatcherServlet  : Completed initialization in 0 ms
]]></system-out>
  <system-err><![CDATA[]]></system-err>
</testsuite>
